<?xml version="1.0" encoding="UTF-8"?>
<testng-results ignored="0" total="1" passed="1" failed="0" skipped="0">
  <reporter-output>
  </reporter-output>
  <suite started-at="2024-05-10T11:52:51 IST" name="Suite" finished-at="2024-05-10T11:52:51 IST" duration-ms="229">
    <groups>
    </groups>
    <test started-at="2024-05-10T11:52:51 IST" name="Test" finished-at="2024-05-10T11:52:51 IST" duration-ms="229">
      <class name="rahulshettyacademy.GitPractise.GitPractise">
        <test-method signature="hello()[pri:0, instance:rahulshettyacademy.GitPractise.GitPractise@7f3b84b8]" started-at="2024-05-10T11:52:51 IST" name="hello" finished-at="2024-05-10T11:52:51 IST" duration-ms="28" status="PASS">
          <reporter-output>
          </reporter-output>
        </test-method> <!-- hello -->
      </class> <!-- rahulshettyacademy.GitPractise.GitPractise -->
    </test> <!-- Test -->
  </suite> <!-- Suite -->
</testng-results>
